2016-01-05 18:05:20,541-Chat-Server-ERROR-socket error: [Errno 98] Address already in use
2016-01-05 23:02:20,518-Chat-Server-ERROR-socket error: [Errno 98] Address already in use
2016-01-05 23:36:12,271-Chat-Server-ERROR-socket error: [Errno 98] Address already in use
2016-01-05 23:36:48,076-Chat-Server-ERROR-socket error: [Errno 98] Address already in use
2016-01-05 23:38:19,316-Chat-Server-ERROR-socket error: [Errno 98] Address already in use
2016-01-05 23:38:31,490-Chat-Server-ERROR-socket error: [Errno 98] Address already in use
2016-01-05 23:41:02,024-Chat-Server-ERROR-socket error: [Errno 98] Address already in use
2016-01-05 23:42:27,087-Chat-Server-ERROR-socket error: [Errno 98] Address already in use
2016-01-05 23:46:57,179-Chat-Server-ERROR-socket error: [Errno 98] Address already in use
2016-01-05 23:51:27,173-Chat-Server-ERROR-socket error: [Errno 98] Address already in use
2016-01-06 00:20:04,873-Chat-Server-ERROR-receive data error, socket error: [Errno 104] Connection reset by peer
2016-01-06 00:21:29,849-Chat-Server-ERROR-receive data error, socket error: [Errno 104] Connection reset by peer
2016-01-06 00:22:36,117-Chat-Server-ERROR-receive data error, socket error: [Errno 104] Connection reset by peer
2016-01-06 00:29:17,981-Chat-Server-ERROR-receive data error, socket error: [Errno 104] Connection reset by peer
2016-01-06 00:29:56,062-Chat-Server-ERROR-receive data error, socket error: [Errno 104] Connection reset by peer
2016-01-06 01:15:50,092-Chat-Server-ERROR-receive data error, socket error: [Errno 104] Connection reset by peer
2016-01-06 12:37:12,203-Chat-Server-ERROR-socket error: [Errno 98] Address already in use
2016-01-07 12:52:45,499-Chat-Server-ERROR-socket error: [Errno 98] Address already in use
2016-01-07 12:54:18,396-Chat-Server-WARNING-netease2 join in the room room1 failed: UNIQUE constraint failed: room_user.rid, room_user.uid
2016-01-07 12:54:24,947-Chat-Server-WARNING-netease2 join in the room room1 failed: UNIQUE constraint failed: room_user.rid, room_user.uid
2016-01-07 12:57:52,178-Chat-Server-WARNING-netease2 join in the room room1 failed: UNIQUE constraint failed: room_user.rid, room_user.uid
2016-01-07 12:59:08,755-Chat-Server-WARNING-netease2 join in the room room1 failed: UNIQUE constraint failed: room_user.rid, room_user.uid
2016-01-07 13:00:30,401-Chat-Server-WARNING-netease2 join in the room room1 failed: UNIQUE constraint failed: room_user.rid, room_user.uid
2016-01-07 13:09:10,583-Chat-Server-WARNING-netease1 join in the room room1 failed: UNIQUE constraint failed: room_user.rid, room_user.uid
2016-01-07 13:09:47,096-Chat-Server-WARNING-netease1 join in the room room1 failed: UNIQUE constraint failed: room_user.rid, room_user.uid
2016-01-07 13:10:16,402-Chat-Server-WARNING-netease1 join in the room room1 failed: UNIQUE constraint failed: room_user.rid, room_user.uid
2016-01-07 13:24:46,074-Chat-Server-WARNING-[u'netease2'] join in the room room1 failed: UNIQUE constraint failed: room_user.rid, room_user.uid
2016-01-07 13:25:22,195-Chat-Server-WARNING-netease2 join in the room room1 failed: UNIQUE constraint failed: room_user.rid, room_user.uid
2016-01-07 18:48:11,262-Chat-Server-WARNING-[u'netease2'] join in the room room1 failed: UNIQUE constraint failed: room_user.rid, room_user.uid
2016-01-07 18:48:11,264-Chat-Server-ERROR-socket error: [Errno 98] Address already in use
2016-01-07 18:48:24,219-Chat-Server-WARNING-[u'netease2'] join in the room room1 failed: UNIQUE constraint failed: room_user.rid, room_user.uid
2016-01-07 18:54:48,915-Chat-Server-WARNING-netease2 join in the room room1 failed: UNIQUE constraint failed: room_user.rid, room_user.uid
2016-01-07 18:59:03,601-Chat-Server-WARNING-[u'netease2', u'netease3', u'netease4'] join in the room room1 failed: UNIQUE constraint failed: room_user.rid, room_user.uid
2016-01-07 18:59:03,602-Chat-Server-WARNING-[u'netease3', u'netease4'] join in the room room2 failed: UNIQUE constraint failed: room_user.rid, room_user.uid
2016-01-07 19:07:37,895-Chat-Server-WARNING-[u'netease2', u'netease3', u'netease4'] join in the room room1 failed: UNIQUE constraint failed: room_user.rid, room_user.uid
2016-01-07 19:07:37,896-Chat-Server-WARNING-[u'netease3', u'netease4'] join in the room room2 failed: UNIQUE constraint failed: room_user.rid, room_user.uid
2016-01-07 19:07:37,897-Chat-Server-ERROR-socket error: [Errno 98] Address already in use
2016-01-07 19:07:51,583-Chat-Server-WARNING-[u'netease2', u'netease3', u'netease4'] join in the room room1 failed: UNIQUE constraint failed: room_user.rid, room_user.uid
2016-01-07 19:07:51,583-Chat-Server-WARNING-[u'netease3', u'netease4'] join in the room room2 failed: UNIQUE constraint failed: room_user.rid, room_user.uid
2016-01-07 19:10:50,515-Chat-Server-WARNING-[u'netease2', u'netease3', u'netease4'] join in the room room1 failed: UNIQUE constraint failed: room_user.rid, room_user.uid
2016-01-07 19:10:50,515-Chat-Server-WARNING-[u'netease3', u'netease4'] join in the room room2 failed: UNIQUE constraint failed: room_user.rid, room_user.uid
2016-01-07 19:10:50,516-Chat-Server-ERROR-socket error: [Errno 98] Address already in use
2016-01-07 19:11:03,514-Chat-Server-WARNING-[u'netease2', u'netease3', u'netease4'] join in the room room1 failed: UNIQUE constraint failed: room_user.rid, room_user.uid
2016-01-07 19:11:03,515-Chat-Server-WARNING-[u'netease3', u'netease4'] join in the room room2 failed: UNIQUE constraint failed: room_user.rid, room_user.uid
2016-01-07 19:22:14,123-Chat-Server-WARNING-[u'netease2', u'netease3', u'netease4'] join in the room room1 failed: UNIQUE constraint failed: room_user.rid, room_user.uid
2016-01-07 19:22:14,124-Chat-Server-WARNING-[u'netease3', u'netease4'] join in the room room2 failed: UNIQUE constraint failed: room_user.rid, room_user.uid
2016-01-07 19:24:19,686-Chat-Server-WARNING-[u'netease2', u'netease3', u'netease4'] join in the room room1 failed: UNIQUE constraint failed: room_user.rid, room_user.uid
2016-01-07 19:24:19,686-Chat-Server-WARNING-[u'netease3', u'netease4'] join in the room room2 failed: UNIQUE constraint failed: room_user.rid, room_user.uid
2016-01-07 19:26:49,825-Chat-Server-ERROR-receive data error, socket error: [Errno 104] Connection reset by peer
2016-01-07 19:27:00,566-Chat-Server-ERROR-receive data error, socket error: [Errno 104] Connection reset by peer
2016-01-07 19:27:02,974-Chat-Server-ERROR-receive data error, socket error: [Errno 104] Connection reset by peer
2016-01-07 19:32:18,065-Chat-Server-WARNING-[u'netease2', u'netease3', u'netease4'] join in the room room1 failed: UNIQUE constraint failed: room_user.rid, room_user.uid
2016-01-07 19:32:18,065-Chat-Server-WARNING-[u'netease3', u'netease4'] join in the room room2 failed: UNIQUE constraint failed: room_user.rid, room_user.uid
2016-01-07 19:34:28,297-Chat-Server-ERROR-receive data error, socket error: [Errno 104] Connection reset by peer
2016-01-07 19:34:31,064-Chat-Server-ERROR-receive data error, socket error: [Errno 104] Connection reset by peer
2016-01-07 19:35:01,509-Chat-Server-WARNING-[u'netease2', u'netease3', u'netease4'] join in the room room1 failed: UNIQUE constraint failed: room_user.rid, room_user.uid
2016-01-07 19:35:01,510-Chat-Server-WARNING-[u'netease3', u'netease4'] join in the room room2 failed: UNIQUE constraint failed: room_user.rid, room_user.uid
2016-01-07 19:42:59,195-Chat-Server-WARNING-[u'netease2', u'netease3', u'netease4'] join in the room room1 failed: UNIQUE constraint failed: room_user.rid, room_user.uid
2016-01-07 19:42:59,196-Chat-Server-WARNING-[u'netease3', u'netease4'] join in the room room2 failed: UNIQUE constraint failed: room_user.rid, room_user.uid
2016-01-07 19:46:59,205-Chat-Server-WARNING-[u'netease2', u'netease3', u'netease4'] join in the room room1 failed: UNIQUE constraint failed: room_user.rid, room_user.uid
2016-01-07 19:46:59,205-Chat-Server-WARNING-[u'netease3', u'netease4'] join in the room room2 failed: UNIQUE constraint failed: room_user.rid, room_user.uid
2016-01-07 19:51:09,675-Chat-Server-ERROR-receive data error, socket error: [Errno 104] Connection reset by peer
2016-01-07 20:04:25,940-Chat-Server-WARNING-[u'netease2', u'netease3', u'netease4'] join in the room room1 failed: UNIQUE constraint failed: room_user.rid, room_user.uid
2016-01-07 20:04:25,941-Chat-Server-WARNING-[u'netease3', u'netease4'] join in the room room2 failed: UNIQUE constraint failed: room_user.rid, room_user.uid
2016-01-07 20:17:35,241-Chat-Server-WARNING-[u'netease2', u'netease3', u'netease4'] join in the room room1 failed: UNIQUE constraint failed: room_user.rid, room_user.uid
2016-01-07 20:17:35,242-Chat-Server-WARNING-[u'netease3', u'netease4'] join in the room room2 failed: UNIQUE constraint failed: room_user.rid, room_user.uid
2016-01-07 20:21:22,860-Chat-Server-WARNING-[u'netease2', u'netease3', u'netease4'] join in the room room1 failed: UNIQUE constraint failed: room_user.rid, room_user.uid
2016-01-07 20:21:22,860-Chat-Server-WARNING-[u'netease3', u'netease4'] join in the room room2 failed: UNIQUE constraint failed: room_user.rid, room_user.uid
2016-01-07 20:39:03,029-Chat-Server-WARNING-[u'netease2', u'netease3', u'netease4'] join in the room room1 failed: UNIQUE constraint failed: room_user.rid, room_user.uid
2016-01-07 20:39:03,030-Chat-Server-WARNING-[u'netease3', u'netease4'] join in the room room2 failed: UNIQUE constraint failed: room_user.rid, room_user.uid
2016-01-07 20:48:25,777-Chat-Server-WARNING-[u'netease2', u'netease3', u'netease4'] join in the room room1 failed: UNIQUE constraint failed: room_user.rid, room_user.uid
2016-01-07 20:48:25,777-Chat-Server-WARNING-[u'netease3', u'netease4'] join in the room room2 failed: UNIQUE constraint failed: room_user.rid, room_user.uid
2016-01-07 21:00:36,255-Chat-Server-WARNING-[u'netease2', u'netease3', u'netease4'] join in the room room1 failed: UNIQUE constraint failed: room_user.rid, room_user.uid
2016-01-07 21:00:36,256-Chat-Server-WARNING-[u'netease3', u'netease4'] join in the room room2 failed: UNIQUE constraint failed: room_user.rid, room_user.uid
2016-01-07 21:00:36,257-Chat-Server-ERROR-socket error: [Errno 98] Address already in use
2016-01-07 21:00:46,339-Chat-Server-WARNING-[u'netease2', u'netease3', u'netease4'] join in the room room1 failed: UNIQUE constraint failed: room_user.rid, room_user.uid
2016-01-07 21:00:46,339-Chat-Server-WARNING-[u'netease3', u'netease4'] join in the room room2 failed: UNIQUE constraint failed: room_user.rid, room_user.uid
2016-01-07 21:02:59,831-Chat-Server-WARNING-[u'netease2', u'netease3', u'netease4'] join in the room room1 failed: UNIQUE constraint failed: room_user.rid, room_user.uid
2016-01-07 21:02:59,831-Chat-Server-WARNING-[u'netease3', u'netease4'] join in the room room2 failed: UNIQUE constraint failed: room_user.rid, room_user.uid
